2023-04-24 12:21:45.454  INFO 13112 --- [Test worker] k.c.farmstory.FarmstoryApplicationTests  : Starting FarmstoryApplicationTests using Java 17.0.4 on DESKTOP-QOTDKI5 with PID 13112 (started by java1 in C:\Users\java1\Documents\KDG\GreenAcademy\SpringBoot\Farmstory)
2023-04-24 12:21:45.459  INFO 13112 --- [Test worker] k.c.farmstory.FarmstoryApplicationTests  : No active profile set, falling back to 1 default profile: "default"
2023-04-24 12:21:46.248  INFO 13112 --- [Test worker] .s.d.r.c.RepositoryConfigurationDelegate : Bootstrapping Spring Data JPA repositories in DEFAULT mode.
2023-04-24 12:21:46.319  INFO 13112 --- [Test worker] .s.d.r.c.RepositoryConfigurationDelegate : Finished Spring Data repository scanning in 60 ms. Found 1 JPA repository interfaces.
2023-04-24 12:21:47.081  INFO 13112 --- [Test worker] o.hibernate.jpa.internal.util.LogHelper  : HHH000204: Processing PersistenceUnitInfo [name: default]
2023-04-24 12:21:47.154  INFO 13112 --- [Test worker] org.hibernate.Version                    : HHH000412: Hibernate ORM core version 5.6.14.Final
2023-04-24 12:21:47.363  INFO 13112 --- [Test worker] o.hibernate.annotations.common.Version   : HCANN000001: Hibernate Commons Annotations {5.1.2.Final}
2023-04-24 12:21:47.497  INFO 13112 --- [Test worker] com.zaxxer.hikari.HikariDataSource       : HikariPool-1 - Starting...
2023-04-24 12:21:47.751  INFO 13112 --- [Test worker] com.zaxxer.hikari.HikariDataSource       : HikariPool-1 - Start completed.
2023-04-24 12:21:47.767  INFO 13112 --- [Test worker] org.hibernate.dialect.Dialect            : HHH000400: Using dialect: org.hibernate.dialect.MySQL5InnoDBDialect
2023-04-24 12:21:48.463  INFO 13112 --- [Test worker] o.h.e.t.j.p.i.JtaPlatformInitiator       : HHH000490: Using JtaPlatform implementation: [org.hibernate.engine.transaction.jta.platform.internal.NoJtaPlatform]
2023-04-24 12:21:48.472  INFO 13112 --- [Test worker] j.LocalContainerEntityManagerFactoryBean : Initialized JPA EntityManagerFactory for persistence unit 'default'
2023-04-24 12:21:49.497  WARN 13112 --- [Test worker] JpaBaseConfiguration$JpaWebConfiguration : spring.jpa.open-in-view is enabled by default. Therefore, database queries may be performed during view rendering. Explicitly configure spring.jpa.open-in-view to disable this warning
2023-04-24 12:21:49.848  INFO 13112 --- [Test worker] o.s.s.web.DefaultSecurityFilterChain     : Will secure any request with [org.springframework.security.web.session.DisableEncodeUrlFilter@6bec566e, org.springframework.security.web.context.request.async.WebAsyncManagerIntegrationFilter@47400608, org.springframework.security.web.context.SecurityContextPersistenceFilter@102f3f05, org.springframework.security.web.header.HeaderWriterFilter@3e0a112f, org.springframework.security.web.authentication.logout.LogoutFilter@5a8835c6, org.springframework.security.web.authentication.UsernamePasswordAuthenticationFilter@25c06894, org.springframework.security.web.savedrequest.RequestCacheAwareFilter@5a5b394, org.springframework.security.web.servletapi.SecurityContextHolderAwareRequestFilter@572db5ee, org.springframework.security.web.authentication.AnonymousAuthenticationFilter@374bf34b, org.springframework.security.web.session.SessionManagementFilter@740fccd2, org.springframework.security.web.access.ExceptionTranslationFilter@5bc40f5d, org.springframework.security.web.access.intercept.FilterSecurityInterceptor@f26cd76]
2023-04-24 12:21:50.798  INFO 13112 --- [Test worker] o.s.b.a.w.s.WelcomePageHandlerMapping    : Adding welcome page template: index
2023-04-24 12:21:51.340  INFO 13112 --- [Test worker] k.c.farmstory.FarmstoryApplicationTests  : Started FarmstoryApplicationTests in 6.245 seconds (JVM running for 7.533)
2023-04-24 12:21:51.615  INFO 13112 --- [SpringApplicationShutdownHook] j.LocalContainerEntityManagerFactoryBean : Closing JPA EntityManagerFactory for persistence unit 'default'
2023-04-24 12:21:51.618  INFO 13112 --- [SpringApplicationShutdownHook] com.zaxxer.hikari.HikariDataSource       : HikariPool-1 - Shutdown initiated...
2023-04-24 12:21:51.632  INFO 13112 --- [SpringApplicationShutdownHook] com.zaxxer.hikari.HikariDataSource       : HikariPool-1 - Shutdown completed.
2023-04-24 12:22:02.541  INFO 2204 --- [restartedMain] kr.co.farmstory.FarmstoryApplication     : Starting FarmstoryApplication using Java 17.0.4 on DESKTOP-QOTDKI5 with PID 2204 (C:\Users\java1\Documents\KDG\GreenAcademy\SpringBoot\Farmstory\build\classes\java\main started by java1 in C:\Users\java1\Documents\KDG\GreenAcademy\SpringBoot\Farmstory)
2023-04-24 12:22:02.547  INFO 2204 --- [restartedMain] kr.co.farmstory.FarmstoryApplication     : No active profile set, falling back to 1 default profile: "default"
2023-04-24 12:22:02.688  INFO 2204 --- [restartedMain] .e.DevToolsPropertyDefaultsPostProcessor : Devtools property defaults active! Set 'spring.devtools.add-properties' to 'false' to disable
2023-04-24 12:22:02.689  INFO 2204 --- [restartedMain] .e.DevToolsPropertyDefaultsPostProcessor : For additional web related logging consider setting the 'logging.level.web' property to 'DEBUG'
2023-04-24 12:22:03.581  INFO 2204 --- [restartedMain] .s.d.r.c.RepositoryConfigurationDelegate : Bootstrapping Spring Data JPA repositories in DEFAULT mode.
2023-04-24 12:22:03.644  INFO 2204 --- [restartedMain] .s.d.r.c.RepositoryConfigurationDelegate : Finished Spring Data repository scanning in 49 ms. Found 1 JPA repository interfaces.
2023-04-24 12:22:04.615  INFO 2204 --- [restartedMain] o.s.b.w.embedded.tomcat.TomcatWebServer  : Tomcat initialized with port(s): 8383 (http)
2023-04-24 12:22:04.636  INFO 2204 --- [restartedMain] o.apache.catalina.core.StandardService   : Starting service [Tomcat]
2023-04-24 12:22:04.636  INFO 2204 --- [restartedMain] org.apache.catalina.core.StandardEngine  : Starting Servlet engine: [Apache Tomcat/9.0.71]
2023-04-24 12:22:04.746  INFO 2204 --- [restartedMain] o.a.c.c.C.[.[localhost].[/Farmstory]     : Initializing Spring embedded WebApplicationContext
2023-04-24 12:22:04.747  INFO 2204 --- [restartedMain] w.s.c.ServletWebServerApplicationContext : Root WebApplicationContext: initialization completed in 2058 ms
2023-04-24 12:22:05.367  INFO 2204 --- [restartedMain] o.hibernate.jpa.internal.util.LogHelper  : HHH000204: Processing PersistenceUnitInfo [name: default]
2023-04-24 12:22:05.456  INFO 2204 --- [restartedMain] org.hibernate.Version                    : HHH000412: Hibernate ORM core version 5.6.14.Final
2023-04-24 12:22:05.719  INFO 2204 --- [restartedMain] o.hibernate.annotations.common.Version   : HCANN000001: Hibernate Commons Annotations {5.1.2.Final}
2023-04-24 12:22:05.865  INFO 2204 --- [restartedMain] com.zaxxer.hikari.HikariDataSource       : HikariPool-1 - Starting...
2023-04-24 12:22:06.142  INFO 2204 --- [restartedMain] com.zaxxer.hikari.HikariDataSource       : HikariPool-1 - Start completed.
2023-04-24 12:22:06.157  INFO 2204 --- [restartedMain] org.hibernate.dialect.Dialect            : HHH000400: Using dialect: org.hibernate.dialect.MySQL5InnoDBDialect
2023-04-24 12:22:06.968  INFO 2204 --- [restartedMain] o.h.e.t.j.p.i.JtaPlatformInitiator       : HHH000490: Using JtaPlatform implementation: [org.hibernate.engine.transaction.jta.platform.internal.NoJtaPlatform]
2023-04-24 12:22:06.976  INFO 2204 --- [restartedMain] j.LocalContainerEntityManagerFactoryBean : Initialized JPA EntityManagerFactory for persistence unit 'default'
2023-04-24 12:22:07.831  WARN 2204 --- [restartedMain] JpaBaseConfiguration$JpaWebConfiguration : spring.jpa.open-in-view is enabled by default. Therefore, database queries may be performed during view rendering. Explicitly configure spring.jpa.open-in-view to disable this warning
2023-04-24 12:22:07.992  INFO 2204 --- [restartedMain] o.s.s.web.DefaultSecurityFilterChain     : Will secure any request with [org.springframework.security.web.session.DisableEncodeUrlFilter@4b761592, org.springframework.security.web.context.request.async.WebAsyncManagerIntegrationFilter@2a096791, org.springframework.security.web.context.SecurityContextPersistenceFilter@27232c56, org.springframework.security.web.header.HeaderWriterFilter@69ae5ddd, org.springframework.security.web.authentication.logout.LogoutFilter@3eb03f99, org.springframework.security.web.authentication.UsernamePasswordAuthenticationFilter@7be9ae2b, org.springframework.security.web.savedrequest.RequestCacheAwareFilter@6bee8c69, org.springframework.security.web.servletapi.SecurityContextHolderAwareRequestFilter@de9124e, org.springframework.security.web.authentication.AnonymousAuthenticationFilter@68f7edf7, org.springframework.security.web.session.SessionManagementFilter@39d82cf0, org.springframework.security.web.access.ExceptionTranslationFilter@2ec7342e, org.springframework.security.web.access.intercept.FilterSecurityInterceptor@65aa9d19]
2023-04-24 12:22:08.214  INFO 2204 --- [restartedMain] o.s.b.a.w.s.WelcomePageHandlerMapping    : Adding welcome page template: index
2023-04-24 12:22:08.449  INFO 2204 --- [restartedMain] o.s.b.d.a.OptionalLiveReloadServer       : LiveReload server is running on port 35729
2023-04-24 12:22:08.483  INFO 2204 --- [restartedMain] o.s.b.w.embedded.tomcat.TomcatWebServer  : Tomcat started on port(s): 8383 (http) with context path '/Farmstory'
2023-04-24 12:22:08.494  INFO 2204 --- [restartedMain] kr.co.farmstory.FarmstoryApplication     : Started FarmstoryApplication in 6.506 seconds (JVM running for 7.088)
2023-04-24 12:22:16.094  INFO 2204 --- [http-nio-8383-exec-2] o.a.c.c.C.[.[localhost].[/Farmstory]     : Initializing Spring DispatcherServlet 'dispatcherServlet'
2023-04-24 12:22:16.095  INFO 2204 --- [http-nio-8383-exec-2] o.s.web.servlet.DispatcherServlet        : Initializing Servlet 'dispatcherServlet'
2023-04-24 12:22:16.096  INFO 2204 --- [http-nio-8383-exec-2] o.s.web.servlet.DispatcherServlet        : Completed initialization in 1 ms
2023-04-24 12:23:06.618  INFO 2204 --- [File Watcher] rtingClassPathChangeChangedEventListener : Restarting due to 189 class path changes (0 additions, 189 deletions, 0 modifications)
2023-04-24 12:23:06.649  INFO 2204 --- [Thread-5] o.apache.catalina.core.StandardService   : Stopping service [Tomcat]
2023-04-24 12:23:06.657  INFO 2204 --- [Thread-5] o.a.c.c.C.[.[localhost].[/Farmstory]     : Destroying Spring FrameworkServlet 'dispatcherServlet'
2023-04-24 12:23:06.669  INFO 2204 --- [Thread-5] j.LocalContainerEntityManagerFactoryBean : Closing JPA EntityManagerFactory for persistence unit 'default'
2023-04-24 12:23:06.721  INFO 2204 --- [Thread-5] com.zaxxer.hikari.HikariDataSource       : HikariPool-1 - Shutdown initiated...
2023-04-24 12:23:06.747  INFO 2204 --- [Thread-5] com.zaxxer.hikari.HikariDataSource       : HikariPool-1 - Shutdown completed.
2023-04-24 12:23:08.628  INFO 2204 --- [restartedMain] kr.co.farmstory.FarmstoryApplication     : Starting FarmstoryApplication using Java 17.0.4 on DESKTOP-QOTDKI5 with PID 2204 (C:\Users\java1\Documents\KDG\GreenAcademy\SpringBoot\Farmstory\build\classes\java\main started by java1 in C:\Users\java1\Documents\KDG\GreenAcademy\SpringBoot\Farmstory)
2023-04-24 12:23:08.629  INFO 2204 --- [restartedMain] kr.co.farmstory.FarmstoryApplication     : No active profile set, falling back to 1 default profile: "default"
2023-04-24 12:23:09.039  INFO 2204 --- [restartedMain] .s.d.r.c.RepositoryConfigurationDelegate : Bootstrapping Spring Data JPA repositories in DEFAULT mode.
2023-04-24 12:23:09.075  INFO 2204 --- [restartedMain] .s.d.r.c.RepositoryConfigurationDelegate : Finished Spring Data repository scanning in 35 ms. Found 1 JPA repository interfaces.
2023-04-24 12:23:09.254  INFO 2204 --- [restartedMain] o.s.b.w.embedded.tomcat.TomcatWebServer  : Tomcat initialized with port(s): 8383 (http)
2023-04-24 12:23:09.255  INFO 2204 --- [restartedMain] o.apache.catalina.core.StandardService   : Starting service [Tomcat]
2023-04-24 12:23:09.256  INFO 2204 --- [restartedMain] org.apache.catalina.core.StandardEngine  : Starting Servlet engine: [Apache Tomcat/9.0.71]
2023-04-24 12:23:09.282  INFO 2204 --- [restartedMain] o.a.c.c.C.[.[localhost].[/FarmstoryJ]    : Initializing Spring embedded WebApplicationContext
2023-04-24 12:23:09.283  INFO 2204 --- [restartedMain] w.s.c.ServletWebServerApplicationContext : Root WebApplicationContext: initialization completed in 651 ms
2023-04-24 12:23:09.383  INFO 2204 --- [restartedMain] o.hibernate.jpa.internal.util.LogHelper  : HHH000204: Processing PersistenceUnitInfo [name: default]
2023-04-24 12:23:09.391  INFO 2204 --- [restartedMain] com.zaxxer.hikari.HikariDataSource       : HikariPool-2 - Starting...
2023-04-24 12:23:09.488  INFO 2204 --- [restartedMain] com.zaxxer.hikari.HikariDataSource       : HikariPool-2 - Start completed.
2023-04-24 12:23:09.489  INFO 2204 --- [restartedMain] org.hibernate.dialect.Dialect            : HHH000400: Using dialect: org.hibernate.dialect.MySQL5InnoDBDialect
2023-04-24 12:23:09.647  INFO 2204 --- [restartedMain] o.h.e.t.j.p.i.JtaPlatformInitiator       : HHH000490: Using JtaPlatform implementation: [org.hibernate.engine.transaction.jta.platform.internal.NoJtaPlatform]
2023-04-24 12:23:09.647  INFO 2204 --- [restartedMain] j.LocalContainerEntityManagerFactoryBean : Initialized JPA EntityManagerFactory for persistence unit 'default'
2023-04-24 12:23:09.907  WARN 2204 --- [restartedMain] JpaBaseConfiguration$JpaWebConfiguration : spring.jpa.open-in-view is enabled by default. Therefore, database queries may be performed during view rendering. Explicitly configure spring.jpa.open-in-view to disable this warning
2023-04-24 12:23:09.938  INFO 2204 --- [restartedMain] o.s.s.web.DefaultSecurityFilterChain     : Will secure any request with [org.springframework.security.web.session.DisableEncodeUrlFilter@6becb3e9, org.springframework.security.web.context.request.async.WebAsyncManagerIntegrationFilter@2585627, org.springframework.security.web.context.SecurityContextPersistenceFilter@2a0b9645, org.springframework.security.web.header.HeaderWriterFilter@19df170b, org.springframework.security.web.authentication.logout.LogoutFilter@114144ac, org.springframework.security.web.authentication.UsernamePasswordAuthenticationFilter@ebd2501, org.springframework.security.web.savedrequest.RequestCacheAwareFilter@4190b9cf, org.springframework.security.web.servletapi.SecurityContextHolderAwareRequestFilter@201699b9, org.springframework.security.web.authentication.AnonymousAuthenticationFilter@74391781, org.springframework.security.web.session.SessionManagementFilter@5b338d80, org.springframework.security.web.access.ExceptionTranslationFilter@49644281, org.springframework.security.web.access.intercept.FilterSecurityInterceptor@46e60e3b]
2023-04-24 12:23:09.984  INFO 2204 --- [restartedMain] o.s.b.a.w.s.WelcomePageHandlerMapping    : Adding welcome page template: index
2023-04-24 12:23:10.048  INFO 2204 --- [restartedMain] o.s.b.d.a.OptionalLiveReloadServer       : LiveReload server is running on port 35729
2023-04-24 12:23:10.057  INFO 2204 --- [restartedMain] o.s.b.w.embedded.tomcat.TomcatWebServer  : Tomcat started on port(s): 8383 (http) with context path '/FarmstoryJ'
2023-04-24 12:23:10.062  INFO 2204 --- [restartedMain] kr.co.farmstory.FarmstoryApplication     : Started FarmstoryApplication in 1.505 seconds (JVM running for 68.656)
2023-04-24 12:23:10.065  INFO 2204 --- [restartedMain] .ConditionEvaluationDeltaLoggingListener : Condition evaluation unchanged
2023-04-24 12:23:11.670  INFO 1072 --- [Test worker] k.c.farmstory.FarmstoryApplicationTests  : Starting FarmstoryApplicationTests using Java 17.0.4 on DESKTOP-QOTDKI5 with PID 1072 (started by java1 in C:\Users\java1\Documents\KDG\GreenAcademy\SpringBoot\Farmstory)
2023-04-24 12:23:11.672  INFO 1072 --- [Test worker] k.c.farmstory.FarmstoryApplicationTests  : No active profile set, falling back to 1 default profile: "default"
2023-04-24 12:23:12.500  INFO 1072 --- [Test worker] .s.d.r.c.RepositoryConfigurationDelegate : Bootstrapping Spring Data JPA repositories in DEFAULT mode.
2023-04-24 12:23:12.565  INFO 1072 --- [Test worker] .s.d.r.c.RepositoryConfigurationDelegate : Finished Spring Data repository scanning in 54 ms. Found 1 JPA repository interfaces.
2023-04-24 12:23:13.238  INFO 1072 --- [Test worker] o.hibernate.jpa.internal.util.LogHelper  : HHH000204: Processing PersistenceUnitInfo [name: default]
2023-04-24 12:23:13.295  INFO 1072 --- [Test worker] org.hibernate.Version                    : HHH000412: Hibernate ORM core version 5.6.14.Final
2023-04-24 12:23:13.512  INFO 1072 --- [Test worker] o.hibernate.annotations.common.Version   : HCANN000001: Hibernate Commons Annotations {5.1.2.Final}
2023-04-24 12:23:13.652  INFO 1072 --- [Test worker] com.zaxxer.hikari.HikariDataSource       : HikariPool-1 - Starting...
2023-04-24 12:23:13.912  INFO 1072 --- [Test worker] com.zaxxer.hikari.HikariDataSource       : HikariPool-1 - Start completed.
2023-04-24 12:23:13.927  INFO 1072 --- [Test worker] org.hibernate.dialect.Dialect            : HHH000400: Using dialect: org.hibernate.dialect.MySQL5InnoDBDialect
2023-04-24 12:23:14.649  INFO 1072 --- [Test worker] o.h.e.t.j.p.i.JtaPlatformInitiator       : HHH000490: Using JtaPlatform implementation: [org.hibernate.engine.transaction.jta.platform.internal.NoJtaPlatform]
2023-04-24 12:23:14.659  INFO 1072 --- [Test worker] j.LocalContainerEntityManagerFactoryBean : Initialized JPA EntityManagerFactory for persistence unit 'default'
2023-04-24 12:23:15.383  WARN 1072 --- [Test worker] JpaBaseConfiguration$JpaWebConfiguration : spring.jpa.open-in-view is enabled by default. Therefore, database queries may be performed during view rendering. Explicitly configure spring.jpa.open-in-view to disable this warning
2023-04-24 12:23:15.954  INFO 1072 --- [Test worker] o.s.s.web.DefaultSecurityFilterChain     : Will secure any request with [org.springframework.security.web.session.DisableEncodeUrlFilter@1e489957, org.springframework.security.web.context.request.async.WebAsyncManagerIntegrationFilter@68b3de47, org.springframework.security.web.context.SecurityContextPersistenceFilter@f0d01c9, org.springframework.security.web.header.HeaderWriterFilter@782e0844, org.springframework.security.web.authentication.logout.LogoutFilter@16e84d93, org.springframework.security.web.authentication.UsernamePasswordAuthenticationFilter@24d73c51, org.springframework.security.web.savedrequest.RequestCacheAwareFilter@3c205259, org.springframework.security.web.servletapi.SecurityContextHolderAwareRequestFilter@1ee52741, org.springframework.security.web.authentication.AnonymousAuthenticationFilter@5b827796, org.springframework.security.web.session.SessionManagementFilter@17d45cfb, org.springframework.security.web.access.ExceptionTranslationFilter@4acdf6e7, org.springframework.security.web.access.intercept.FilterSecurityInterceptor@92de794]
2023-04-24 12:23:16.859  INFO 1072 --- [Test worker] o.s.b.a.w.s.WelcomePageHandlerMapping    : Adding welcome page template: index
2023-04-24 12:23:17.649  INFO 1072 --- [Test worker] k.c.farmstory.FarmstoryApplicationTests  : Started FarmstoryApplicationTests in 6.393 seconds (JVM running for 8.009)
2023-04-24 12:23:18.056  INFO 1072 --- [SpringApplicationShutdownHook] j.LocalContainerEntityManagerFactoryBean : Closing JPA EntityManagerFactory for persistence unit 'default'
2023-04-24 12:23:18.058  INFO 1072 --- [SpringApplicationShutdownHook] com.zaxxer.hikari.HikariDataSource       : HikariPool-1 - Shutdown initiated...
2023-04-24 12:23:18.066  INFO 1072 --- [SpringApplicationShutdownHook] com.zaxxer.hikari.HikariDataSource       : HikariPool-1 - Shutdown completed.
2023-04-24 12:40:37.427  INFO 2204 --- [File Watcher] rtingClassPathChangeChangedEventListener : Restarting due to 189 class path changes (0 additions, 189 deletions, 0 modifications)
2023-04-24 12:40:37.435  INFO 2204 --- [Thread-7] o.apache.catalina.core.StandardService   : Stopping service [Tomcat]
2023-04-24 12:40:37.440  INFO 2204 --- [Thread-7] j.LocalContainerEntityManagerFactoryBean : Closing JPA EntityManagerFactory for persistence unit 'default'
2023-04-24 12:40:37.442  INFO 2204 --- [Thread-7] com.zaxxer.hikari.HikariDataSource       : HikariPool-2 - Shutdown initiated...
2023-04-24 12:40:37.444  INFO 2204 --- [Thread-7] com.zaxxer.hikari.HikariDataSource       : HikariPool-2 - Shutdown completed.
2023-04-24 12:40:39.867  INFO 2204 --- [restartedMain] kr.co.farmstory.FarmstoryApplication     : Starting FarmstoryApplication using Java 17.0.4 on DESKTOP-QOTDKI5 with PID 2204 (C:\Users\java1\Documents\KDG\GreenAcademy\SpringBoot\Farmstory\build\classes\java\main started by java1 in C:\Users\java1\Documents\KDG\GreenAcademy\SpringBoot\Farmstory)
2023-04-24 12:40:39.867  INFO 2204 --- [restartedMain] kr.co.farmstory.FarmstoryApplication     : No active profile set, falling back to 1 default profile: "default"
2023-04-24 12:40:40.157  INFO 2204 --- [restartedMain] .s.d.r.c.RepositoryConfigurationDelegate : Bootstrapping Spring Data JPA repositories in DEFAULT mode.
2023-04-24 12:40:40.169  INFO 2204 --- [restartedMain] .s.d.r.c.RepositoryConfigurationDelegate : Finished Spring Data repository scanning in 11 ms. Found 1 JPA repository interfaces.
2023-04-24 12:40:40.841  INFO 2204 --- [restartedMain] o.s.b.w.embedded.tomcat.TomcatWebServer  : Tomcat initialized with port(s): 8102 (http)
2023-04-24 12:40:40.842  INFO 2204 --- [restartedMain] o.apache.catalina.core.StandardService   : Starting service [Tomcat]
2023-04-24 12:40:40.842  INFO 2204 --- [restartedMain] org.apache.catalina.core.StandardEngine  : Starting Servlet engine: [Apache Tomcat/9.0.71]
2023-04-24 12:40:40.884  INFO 2204 --- [restartedMain] o.a.c.c.C.[.[localhost].[/FarmstoryJ]    : Initializing Spring embedded WebApplicationContext
2023-04-24 12:40:40.885  INFO 2204 --- [restartedMain] w.s.c.ServletWebServerApplicationContext : Root WebApplicationContext: initialization completed in 1013 ms
2023-04-24 12:40:40.931  INFO 2204 --- [restartedMain] o.hibernate.jpa.internal.util.LogHelper  : HHH000204: Processing PersistenceUnitInfo [name: default]
2023-04-24 12:40:40.946  INFO 2204 --- [restartedMain] com.zaxxer.hikari.HikariDataSource       : HikariPool-3 - Starting...
2023-04-24 12:40:41.058  INFO 2204 --- [restartedMain] com.zaxxer.hikari.HikariDataSource       : HikariPool-3 - Start completed.
2023-04-24 12:40:41.058  INFO 2204 --- [restartedMain] org.hibernate.dialect.Dialect            : HHH000400: Using dialect: org.hibernate.dialect.MySQL5InnoDBDialect
2023-04-24 12:40:41.212  INFO 2204 --- [restartedMain] o.h.e.t.j.p.i.JtaPlatformInitiator       : HHH000490: Using JtaPlatform implementation: [org.hibernate.engine.transaction.jta.platform.internal.NoJtaPlatform]
2023-04-24 12:40:41.212  INFO 2204 --- [restartedMain] j.LocalContainerEntityManagerFactoryBean : Initialized JPA EntityManagerFactory for persistence unit 'default'
2023-04-24 12:40:41.465  WARN 2204 --- [restartedMain] JpaBaseConfiguration$JpaWebConfiguration : spring.jpa.open-in-view is enabled by default. Therefore, database queries may be performed during view rendering. Explicitly configure spring.jpa.open-in-view to disable this warning
2023-04-24 12:40:41.552  INFO 2204 --- [restartedMain] o.s.s.web.DefaultSecurityFilterChain     : Will secure any request with [org.springframework.security.web.session.DisableEncodeUrlFilter@237c356b, org.springframework.security.web.context.request.async.WebAsyncManagerIntegrationFilter@68dc7938, org.springframework.security.web.context.SecurityContextPersistenceFilter@67b48d8b, org.springframework.security.web.header.HeaderWriterFilter@4c4e62b3, org.springframework.security.web.authentication.logout.LogoutFilter@31899906, org.springframework.security.web.authentication.UsernamePasswordAuthenticationFilter@239febd, org.springframework.security.web.savedrequest.RequestCacheAwareFilter@67194bcd, org.springframework.security.web.servletapi.SecurityContextHolderAwareRequestFilter@587df667, org.springframework.security.web.authentication.AnonymousAuthenticationFilter@27ce64bc, org.springframework.security.web.session.SessionManagementFilter@1757a250, org.springframework.security.web.access.ExceptionTranslationFilter@1ad34fc7, org.springframework.security.web.access.intercept.FilterSecurityInterceptor@55334dc2]
2023-04-24 12:40:41.688  INFO 2204 --- [restartedMain] o.s.b.a.w.s.WelcomePageHandlerMapping    : Adding welcome page template: index
2023-04-24 12:40:41.759  INFO 2204 --- [restartedMain] o.s.b.d.a.OptionalLiveReloadServer       : LiveReload server is running on port 35729
2023-04-24 12:40:41.827  INFO 2204 --- [restartedMain] o.s.b.w.embedded.tomcat.TomcatWebServer  : Tomcat started on port(s): 8102 (http) with context path '/FarmstoryJ'
2023-04-24 12:40:41.833  INFO 2204 --- [restartedMain] kr.co.farmstory.FarmstoryApplication     : Started FarmstoryApplication in 1.995 seconds (JVM running for 1120.428)
2023-04-24 12:40:41.835  INFO 2204 --- [restartedMain] .ConditionEvaluationDeltaLoggingListener : Condition evaluation unchanged
2023-04-24 12:40:43.691  INFO 14000 --- [Test worker] k.c.farmstory.FarmstoryApplicationTests  : Starting FarmstoryApplicationTests using Java 17.0.4 on DESKTOP-QOTDKI5 with PID 14000 (started by java1 in C:\Users\java1\Documents\KDG\GreenAcademy\SpringBoot\Farmstory)
2023-04-24 12:40:43.692  INFO 14000 --- [Test worker] k.c.farmstory.FarmstoryApplicationTests  : No active profile set, falling back to 1 default profile: "default"
2023-04-24 12:40:44.481  INFO 14000 --- [Test worker] .s.d.r.c.RepositoryConfigurationDelegate : Bootstrapping Spring Data JPA repositories in DEFAULT mode.
2023-04-24 12:40:44.538  INFO 14000 --- [Test worker] .s.d.r.c.RepositoryConfigurationDelegate : Finished Spring Data repository scanning in 46 ms. Found 1 JPA repository interfaces.
2023-04-24 12:40:45.336  INFO 14000 --- [Test worker] o.hibernate.jpa.internal.util.LogHelper  : HHH000204: Processing PersistenceUnitInfo [name: default]
2023-04-24 12:40:45.396  INFO 14000 --- [Test worker] org.hibernate.Version                    : HHH000412: Hibernate ORM core version 5.6.14.Final
2023-04-24 12:40:45.593  INFO 14000 --- [Test worker] o.hibernate.annotations.common.Version   : HCANN000001: Hibernate Commons Annotations {5.1.2.Final}
2023-04-24 12:40:45.731  INFO 14000 --- [Test worker] com.zaxxer.hikari.HikariDataSource       : HikariPool-1 - Starting...
2023-04-24 12:40:45.986  INFO 14000 --- [Test worker] com.zaxxer.hikari.HikariDataSource       : HikariPool-1 - Start completed.
2023-04-24 12:40:46.001  INFO 14000 --- [Test worker] org.hibernate.dialect.Dialect            : HHH000400: Using dialect: org.hibernate.dialect.MySQL5InnoDBDialect
2023-04-24 12:40:46.700  INFO 14000 --- [Test worker] o.h.e.t.j.p.i.JtaPlatformInitiator       : HHH000490: Using JtaPlatform implementation: [org.hibernate.engine.transaction.jta.platform.internal.NoJtaPlatform]
2023-04-24 12:40:46.710  INFO 14000 --- [Test worker] j.LocalContainerEntityManagerFactoryBean : Initialized JPA EntityManagerFactory for persistence unit 'default'
2023-04-24 12:40:47.456  WARN 14000 --- [Test worker] JpaBaseConfiguration$JpaWebConfiguration : spring.jpa.open-in-view is enabled by default. Therefore, database queries may be performed during view rendering. Explicitly configure spring.jpa.open-in-view to disable this warning
2023-04-24 12:40:47.745  INFO 14000 --- [Test worker] o.s.s.web.DefaultSecurityFilterChain     : Will secure any request with [org.springframework.security.web.session.DisableEncodeUrlFilter@5b827796, org.springframework.security.web.context.request.async.WebAsyncManagerIntegrationFilter@27c827ec, org.springframework.security.web.context.SecurityContextPersistenceFilter@205b73d8, org.springframework.security.web.header.HeaderWriterFilter@2643ed03, org.springframework.security.web.authentication.logout.LogoutFilter@5a5b394, org.springframework.security.web.authentication.UsernamePasswordAuthenticationFilter@f26cd76, org.springframework.security.web.savedrequest.RequestCacheAwareFilter@20923380, org.springframework.security.web.servletapi.SecurityContextHolderAwareRequestFilter@1640a6b5, org.springframework.security.web.authentication.AnonymousAuthenticationFilter@7d108063, org.springframework.security.web.session.SessionManagementFilter@1c65ec63, org.springframework.security.web.access.ExceptionTranslationFilter@7804a783, org.springframework.security.web.access.intercept.FilterSecurityInterceptor@17a5ae7b]
2023-04-24 12:40:48.230  INFO 14000 --- [Test worker] o.s.b.a.w.s.WelcomePageHandlerMapping    : Adding welcome page template: index
2023-04-24 12:40:48.716  INFO 14000 --- [Test worker] k.c.farmstory.FarmstoryApplicationTests  : Started FarmstoryApplicationTests in 5.425 seconds (JVM running for 7.739)
2023-04-24 12:40:49.028  INFO 14000 --- [SpringApplicationShutdownHook] j.LocalContainerEntityManagerFactoryBean : Closing JPA EntityManagerFactory for persistence unit 'default'
2023-04-24 12:40:49.031  INFO 14000 --- [SpringApplicationShutdownHook] com.zaxxer.hikari.HikariDataSource       : HikariPool-1 - Shutdown initiated...
2023-04-24 12:40:49.040  INFO 14000 --- [SpringApplicationShutdownHook] com.zaxxer.hikari.HikariDataSource       : HikariPool-1 - Shutdown completed.
