2023-04-24 12:33:53.243  INFO 8212 --- [main] kr.co.sboard.SboardApplicationTests      : Starting SboardApplicationTests using Java 17.0.5 on DESKTOP-QOTDKI5 with PID 8212 (started by java1 in C:\Users\java1\Documents\KDG\GreenAcademy\SpringBoot\Sboard)
2023-04-24 12:33:53.248  INFO 8212 --- [main] kr.co.sboard.SboardApplicationTests      : No active profile set, falling back to 1 default profile: "default"
2023-04-24 12:33:54.003  INFO 8212 --- [main] .s.d.r.c.RepositoryConfigurationDelegate : Bootstrapping Spring Data JPA repositories in DEFAULT mode.
2023-04-24 12:33:54.064  INFO 8212 --- [main] .s.d.r.c.RepositoryConfigurationDelegate : Finished Spring Data repository scanning in 48 ms. Found 1 JPA repository interfaces.
2023-04-24 12:33:54.804  INFO 8212 --- [main] o.hibernate.jpa.internal.util.LogHelper  : HHH000204: Processing PersistenceUnitInfo [name: default]
2023-04-24 12:33:54.873  INFO 8212 --- [main] org.hibernate.Version                    : HHH000412: Hibernate ORM core version 5.6.14.Final
2023-04-24 12:33:55.070  INFO 8212 --- [main] o.hibernate.annotations.common.Version   : HCANN000001: Hibernate Commons Annotations {5.1.2.Final}
2023-04-24 12:33:55.276  INFO 8212 --- [main] com.zaxxer.hikari.HikariDataSource       : HikariPool-1 - Starting...
2023-04-24 12:33:55.554  INFO 8212 --- [main] com.zaxxer.hikari.HikariDataSource       : HikariPool-1 - Start completed.
2023-04-24 12:33:55.571  INFO 8212 --- [main] org.hibernate.dialect.Dialect            : HHH000400: Using dialect: org.hibernate.dialect.MySQL5InnoDBDialect
2023-04-24 12:33:56.263  INFO 8212 --- [main] o.h.e.t.j.p.i.JtaPlatformInitiator       : HHH000490: Using JtaPlatform implementation: [org.hibernate.engine.transaction.jta.platform.internal.NoJtaPlatform]
2023-04-24 12:33:56.273  INFO 8212 --- [main] j.LocalContainerEntityManagerFactoryBean : Initialized JPA EntityManagerFactory for persistence unit 'default'
2023-04-24 12:33:56.995  WARN 8212 --- [main] JpaBaseConfiguration$JpaWebConfiguration : spring.jpa.open-in-view is enabled by default. Therefore, database queries may be performed during view rendering. Explicitly configure spring.jpa.open-in-view to disable this warning
2023-04-24 12:33:57.268  INFO 8212 --- [main] o.s.s.web.DefaultSecurityFilterChain     : Will secure any request with [org.springframework.security.web.session.DisableEncodeUrlFilter@2a5ed225, org.springframework.security.web.context.request.async.WebAsyncManagerIntegrationFilter@2a525f88, org.springframework.security.web.context.SecurityContextPersistenceFilter@3a012678, org.springframework.security.web.header.HeaderWriterFilter@5d373794, org.springframework.security.web.authentication.logout.LogoutFilter@9fd3b61, org.springframework.security.web.authentication.UsernamePasswordAuthenticationFilter@53b7f08, org.springframework.security.web.savedrequest.RequestCacheAwareFilter@7f584d0c, org.springframework.security.web.servletapi.SecurityContextHolderAwareRequestFilter@32f45e15, org.springframework.security.web.authentication.AnonymousAuthenticationFilter@1cf4d454, org.springframework.security.web.session.SessionManagementFilter@13ae87a6, org.springframework.security.web.access.ExceptionTranslationFilter@5400db7e, org.springframework.security.web.access.intercept.FilterSecurityInterceptor@4f1f2f84]
2023-04-24 12:33:58.123  INFO 8212 --- [main] kr.co.sboard.SboardApplicationTests      : Started SboardApplicationTests in 5.304 seconds (JVM running for 6.424)
2023-04-24 12:33:58.490  INFO 8212 --- [main] kr.co.sboard.SboardApplicationTests      : result : 1
2023-04-24 12:33:58.589  INFO 8212 --- [SpringApplicationShutdownHook] j.LocalContainerEntityManagerFactoryBean : Closing JPA EntityManagerFactory for persistence unit 'default'
2023-04-24 12:33:58.594  INFO 8212 --- [SpringApplicationShutdownHook] com.zaxxer.hikari.HikariDataSource       : HikariPool-1 - Shutdown initiated...
2023-04-24 12:33:58.608  INFO 8212 --- [SpringApplicationShutdownHook] com.zaxxer.hikari.HikariDataSource       : HikariPool-1 - Shutdown completed.
2023-04-24 12:34:50.593  INFO 14136 --- [main] kr.co.sboard.SboardApplicationTests      : Starting SboardApplicationTests using Java 17.0.5 on DESKTOP-QOTDKI5 with PID 14136 (started by java1 in C:\Users\java1\Documents\KDG\GreenAcademy\SpringBoot\Sboard)
2023-04-24 12:34:50.594  INFO 14136 --- [main] kr.co.sboard.SboardApplicationTests      : No active profile set, falling back to 1 default profile: "default"
2023-04-24 12:34:51.376  INFO 14136 --- [main] .s.d.r.c.RepositoryConfigurationDelegate : Bootstrapping Spring Data JPA repositories in DEFAULT mode.
2023-04-24 12:34:51.436  INFO 14136 --- [main] .s.d.r.c.RepositoryConfigurationDelegate : Finished Spring Data repository scanning in 49 ms. Found 1 JPA repository interfaces.
2023-04-24 12:34:52.181  INFO 14136 --- [main] o.hibernate.jpa.internal.util.LogHelper  : HHH000204: Processing PersistenceUnitInfo [name: default]
2023-04-24 12:34:52.252  INFO 14136 --- [main] org.hibernate.Version                    : HHH000412: Hibernate ORM core version 5.6.14.Final
2023-04-24 12:34:52.460  INFO 14136 --- [main] o.hibernate.annotations.common.Version   : HCANN000001: Hibernate Commons Annotations {5.1.2.Final}
2023-04-24 12:34:52.645  INFO 14136 --- [main] com.zaxxer.hikari.HikariDataSource       : HikariPool-1 - Starting...
2023-04-24 12:34:52.914  INFO 14136 --- [main] com.zaxxer.hikari.HikariDataSource       : HikariPool-1 - Start completed.
2023-04-24 12:34:52.929  INFO 14136 --- [main] org.hibernate.dialect.Dialect            : HHH000400: Using dialect: org.hibernate.dialect.MySQL5InnoDBDialect
2023-04-24 12:34:53.656  INFO 14136 --- [main] o.h.e.t.j.p.i.JtaPlatformInitiator       : HHH000490: Using JtaPlatform implementation: [org.hibernate.engine.transaction.jta.platform.internal.NoJtaPlatform]
2023-04-24 12:34:53.666  INFO 14136 --- [main] j.LocalContainerEntityManagerFactoryBean : Initialized JPA EntityManagerFactory for persistence unit 'default'
2023-04-24 12:34:54.600  WARN 14136 --- [main] JpaBaseConfiguration$JpaWebConfiguration : spring.jpa.open-in-view is enabled by default. Therefore, database queries may be performed during view rendering. Explicitly configure spring.jpa.open-in-view to disable this warning
2023-04-24 12:34:54.958  INFO 14136 --- [main] o.s.s.web.DefaultSecurityFilterChain     : Will secure any request with [org.springframework.security.web.session.DisableEncodeUrlFilter@786cc1df, org.springframework.security.web.context.request.async.WebAsyncManagerIntegrationFilter@1ddb6abb, org.springframework.security.web.context.SecurityContextPersistenceFilter@12478b4e, org.springframework.security.web.header.HeaderWriterFilter@73905dff, org.springframework.security.web.authentication.logout.LogoutFilter@4b552b13, org.springframework.security.web.authentication.UsernamePasswordAuthenticationFilter@406decb2, org.springframework.security.web.savedrequest.RequestCacheAwareFilter@5d373794, org.springframework.security.web.servletapi.SecurityContextHolderAwareRequestFilter@22c4354d, org.springframework.security.web.authentication.AnonymousAuthenticationFilter@6f926d01, org.springframework.security.web.session.SessionManagementFilter@31de8099, org.springframework.security.web.access.ExceptionTranslationFilter@3331800f, org.springframework.security.web.access.intercept.FilterSecurityInterceptor@747f0f34]
2023-04-24 12:34:55.822  INFO 14136 --- [main] kr.co.sboard.SboardApplicationTests      : Started SboardApplicationTests in 5.549 seconds (JVM running for 6.598)
2023-04-24 12:34:56.207  INFO 14136 --- [main] kr.co.sboard.SboardApplicationTests      : result : 1
2023-04-24 12:34:56.288  INFO 14136 --- [SpringApplicationShutdownHook] j.LocalContainerEntityManagerFactoryBean : Closing JPA EntityManagerFactory for persistence unit 'default'
2023-04-24 12:34:56.290  INFO 14136 --- [SpringApplicationShutdownHook] com.zaxxer.hikari.HikariDataSource       : HikariPool-1 - Shutdown initiated...
2023-04-24 12:34:56.303  INFO 14136 --- [SpringApplicationShutdownHook] com.zaxxer.hikari.HikariDataSource       : HikariPool-1 - Shutdown completed.
